<?xml version="1.0"?>
<!DOCTYPE coverage SYSTEM "http://cobertura.sourceforge.net/xml/coverage-04.dtd">

<coverage line-rate="0.2" branch-rate="1.0" lines-covered="1" lines-valid="5" branches-covered="0" branches-valid="0" complexity="1.0" version="2.1.1" timestamp="1524908202531">
	<sources>
		<source>--source</source>
		<source>C:/Users/bprlab/eclipse-workspace/yazilimDers9/src/main/java</source>
	</sources>
	<packages>
		<package name="yazilimDers9" line-rate="0.2" branch-rate="1.0" complexity="1.0">
			<classes>
				<class name="yazilimDers9.dersOrnek" filename="yazilimDers9/dersOrnek.java" line-rate="0.2" branch-rate="1.0" complexity="1.0">
					<methods>
						<method name="&lt;init&gt;" signature="()V" line-rate="0.0" branch-rate="1.0" complexity="0">
							<lines>
								<line number="3" hits="0" branch="false"/>
							</lines>
						</method>
						<method name="main" signature="([Ljava/lang/String;)V" line-rate="0.0" branch-rate="1.0" complexity="0">
							<lines>
								<line number="5" hits="0" branch="false"/>
								<line number="6" hits="0" branch="false"/>
								<line number="8" hits="0" branch="false"/>
							</lines>
						</method>
						<method name="topla" signature="(II)I" line-rate="1.0" branch-rate="1.0" complexity="0">
							<lines>
								<line number="10" hits="1" branch="false"/>
							</lines>
						</method>
					</methods>
					<lines>
						<line number="3" hits="0" branch="false"/>
						<line number="5" hits="0" branch="false"/>
						<line number="6" hits="0" branch="false"/>
						<line number="8" hits="0" branch="false"/>
						<line number="10" hits="1" branch="false"/>
					</lines>
				</class>
			</classes>
		</package>
	</packages>
</coverage>
